!SESSION 2017-07-11 11:16:53.124 -----------------------------------------------
eclipse.buildId=M20090211-1700
java.version=1.8.0_60
java.vendor=Oracle Corporation
BootLoader constants: OS=win32, ARCH=x86, WS=win32, NL=en_US
Command-line arguments:  -os win32 -ws win32 -arch x86 -debug -initialize -clean

!ENTRY org.eclipse.equinox.app 0 0 2017-07-11 11:16:55.038
!MESSAGE Product com.tomato.exerd.core.product could not be found.

!ENTRY org.eclipse.osgi 2 0 2017-07-11 11:17:01.751
!MESSAGE One or more bundles are not resolved because the following root constraints are not resolved:
!SUBENTRY 1 org.eclipse.osgi 2 0 2017-07-11 11:17:01.751
!MESSAGE Bundle reference:file:plugins\org.eclipse.core.net.win32.x86.nl_ko_3.4.0.v20101211020322.jar was not resolved.
!SUBENTRY 2 org.eclipse.core.net.win32.x86.nl_ko 2 0 2017-07-11 11:17:01.751
!MESSAGE Missing host org.eclipse.core.net.win32.x86_0.0.0.

!ENTRY org.eclipse.osgi 2 0 2017-07-11 11:17:01.755
!MESSAGE The following is a complete list of bundles which are not resolved, see the prior log entry for the root cause if it exists:
!SUBENTRY 1 org.eclipse.osgi 2 0 2017-07-11 11:17:01.755
!MESSAGE Bundle reference:file:plugins\org.eclipse.core.net.win32.x86.nl_ko_3.4.0.v20101211020322.jar [203] was not resolved.
!SUBENTRY 2 org.eclipse.core.net.win32.x86.nl_ko 2 0 2017-07-11 11:17:01.755
!MESSAGE Missing host org.eclipse.core.net.win32.x86_0.0.0.
